This file contains any messages produced by compilers while
running configure, to aid debugging if configure makes a mistake.

It was created by configure, which was
generated by GNU Autoconf 2.59.  Invocation command line was

  $ ./configure --with-otcl=../otcl-1.13 --with-tclcl=../tclcl-1.19

## --------- ##
## Platform. ##
## --------- ##

hostname = hive-simulation
uname -m = x86_64
uname -r = 3.13.0-83-generic
uname -s = Linux
uname -v = #127-Ubuntu SMP Fri Mar 11 00:25:37 UTC 2016

/usr/bin/uname -p = unknown
/bin/uname -X     = unknown

/bin/arch              = unknown
/usr/bin/arch -k       = unknown
/usr/convex/getsysinfo = unknown
hostinfo               = unknown
/bin/machine           = unknown
/usr/bin/oslevel       = unknown
/bin/universe          = unknown

PATH: /home/hadoop/mrperf/ns-allinone-2.33/tcl8.4.18/unix
PATH: /home/hadoop/mrperf/ns-allinone-2.33/tk8.4.18/unix
PATH: /home/hadoop/mrperf/ns-allinone-2.33/bin
PATH: /usr/local/sbin
PATH: /usr/local/bin
PATH: /usr/sbin
PATH: /usr/bin
PATH: /sbin
PATH: /bin
PATH: /usr/games
PATH: /usr/local/games
PATH: /opt/hive/bin


## ----------- ##
## Core tests. ##
## ----------- ##

configure:1380: checking for gcc
configure:1396: found /usr/bin/gcc
configure:1406: result: gcc
configure:1650: checking for C compiler version
configure:1653: gcc --version </dev/null >&5
gcc (Ubuntu 4.8.4-2ubuntu1~14.04.3) 4.8.4
Copyright (C) 2013 Free Software Foundation, Inc.
This is free software; see the source for copying conditions.  There is NO
warranty; not even for MERCHANTABILITY or FITNESS FOR A PARTICULAR PURPOSE.

configure:1656: $? = 0
configure:1658: gcc -v </dev/null >&5
Using built-in specs.
COLLECT_GCC=gcc
COLLECT_LTO_WRAPPER=/usr/lib/gcc/x86_64-linux-gnu/4.8/lto-wrapper
Target: x86_64-linux-gnu
Configured with: ../src/configure -v --with-pkgversion='Ubuntu 4.8.4-2ubuntu1~14.04.3' --with-bugurl=file:///usr/share/doc/gcc-4.8/README.Bugs --enable-languages=c,c++,java,go,d,fortran,objc,obj-c++ --prefix=/usr --program-suffix=-4.8 --enable-shared --enable-linker-build-id --libexecdir=/usr/lib --without-included-gettext --enable-threads=posix --with-gxx-include-dir=/usr/include/c++/4.8 --libdir=/usr/lib --enable-nls --with-sysroot=/ --enable-clocale=gnu --enable-libstdcxx-debug --enable-libstdcxx-time=yes --enable-gnu-unique-object --disable-libmudflap --enable-plugin --with-system-zlib --disable-browser-plugin --enable-java-awt=gtk --enable-gtk-cairo --with-java-home=/usr/lib/jvm/java-1.5.0-gcj-4.8-amd64/jre --enable-java-home --with-jvm-root-dir=/usr/lib/jvm/java-1.5.0-gcj-4.8-amd64 --with-jvm-jar-dir=/usr/lib/jvm-exports/java-1.5.0-gcj-4.8-amd64 --with-arch-directory=amd64 --with-ecj-jar=/usr/share/java/eclipse-ecj.jar --enable-objc-gc --enable-multiarch --disable-werror --with-arch-32=i686 --with-abi=m64 --with-multilib-list=m32,m64,mx32 --with-tune=generic --enable-checking=release --build=x86_64-linux-gnu --host=x86_64-linux-gnu --target=x86_64-linux-gnu
Thread model: posix
gcc version 4.8.4 (Ubuntu 4.8.4-2ubuntu1~14.04.3) 
configure:1661: $? = 0
configure:1663: gcc -V </dev/null >&5
gcc: error: unrecognized command line option '-V'
gcc: fatal error: no input files
compilation terminated.
configure:1666: $? = 4
configure:1689: checking for C compiler default output file name
configure:1692: gcc    conftest.c  >&5
configure:1695: $? = 0
configure:1741: result: a.out
configure:1746: checking whether the C compiler works
configure:1752: ./a.out
configure:1755: $? = 0
configure:1772: result: yes
configure:1779: checking whether we are cross compiling
configure:1781: result: no
configure:1784: checking for suffix of executables
configure:1786: gcc -o conftest    conftest.c  >&5
configure:1789: $? = 0
configure:1814: result: 
configure:1820: checking for suffix of object files
configure:1841: gcc -c   conftest.c >&5
configure:1844: $? = 0
configure:1866: result: o
configure:1870: checking whether we are using the GNU C compiler
configure:1894: gcc -c   conftest.c >&5
configure:1900: $? = 0
configure:1904: test -z 
			 || test ! -s conftest.err
configure:1907: $? = 0
configure:1910: test -s conftest.o
configure:1913: $? = 0
configure:1926: result: yes
configure:1932: checking whether gcc accepts -g
configure:1953: gcc -c -g  conftest.c >&5
configure:1959: $? = 0
configure:1963: test -z 
			 || test ! -s conftest.err
configure:1966: $? = 0
configure:1969: test -s conftest.o
configure:1972: $? = 0
configure:1983: result: yes
configure:2000: checking for gcc option to accept ANSI C
configure:2070: gcc  -c -g -O2  conftest.c >&5
configure:2076: $? = 0
configure:2080: test -z 
			 || test ! -s conftest.err
configure:2083: $? = 0
configure:2086: test -s conftest.o
configure:2089: $? = 0
configure:2107: result: none needed
configure:2125: gcc -c -g -O2  conftest.c >&5
conftest.c:2:3: error: unknown type name 'choke'
   choke me
   ^
conftest.c:2:3: error: expected '=', ',', ';', 'asm' or '__attribute__' at end of input
configure:2131: $? = 1
configure: failed program was:
| #ifndef __cplusplus
|   choke me
| #endif
configure:2270: checking how to run the C preprocessor
configure:2305: gcc -E  conftest.c
configure:2311: $? = 0
configure:2343: gcc -E  conftest.c
conftest.c:9:28: fatal error: ac_nonexistent.h: No such file or directory
 #include <ac_nonexistent.h>
                            ^
compilation terminated.
configure:2349: $? = 1
configure: failed program was:
| /* confdefs.h.  */
| 
| #define PACKAGE_NAME ""
| #define PACKAGE_TARNAME ""
| #define PACKAGE_VERSION ""
| #define PACKAGE_STRING ""
| #define PACKAGE_BUGREPORT ""
| /* end confdefs.h.  */
| #include <ac_nonexistent.h>
configure:2388: result: gcc -E
configure:2412: gcc -E  conftest.c
configure:2418: $? = 0
configure:2450: gcc -E  conftest.c
conftest.c:9:28: fatal error: ac_nonexistent.h: No such file or directory
 #include <ac_nonexistent.h>
                            ^
compilation terminated.
configure:2456: $? = 1
configure: failed program was:
| /* confdefs.h.  */
| 
| #define PACKAGE_NAME ""
| #define PACKAGE_TARNAME ""
| #define PACKAGE_VERSION ""
| #define PACKAGE_STRING ""
| #define PACKAGE_BUGREPORT ""
| /* end confdefs.h.  */
| #include <ac_nonexistent.h>
configure:2500: checking for egrep
configure:2510: result: grep -E
configure:2515: checking for ANSI C header files
configure:2540: gcc -c -g -O2  conftest.c >&5
configure:2546: $? = 0
configure:2550: test -z 
			 || test ! -s conftest.err
configure:2553: $? = 0
configure:2556: test -s conftest.o
configure:2559: $? = 0
configure:2648: gcc -o conftest -g -O2   conftest.c  >&5
conftest.c: In function 'main':
conftest.c:26:7: warning: incompatible implicit declaration of built-in function 'exit' [enabled by default]
       exit(2);
       ^
configure:2651: $? = 0
configure:2653: ./conftest
configure:2656: $? = 0
configure:2671: result: yes
configure:2781: checking build system type
configure:2799: result: x86_64-unknown-linux-gnu
configure:2807: checking host system type
configure:2821: result: x86_64-unknown-linux-gnu
configure:2829: checking target system type
configure:2843: result: x86_64-unknown-linux-gnu
configure:2904: checking for gcc
configure:2930: result: gcc
configure:3174: checking for C compiler version
configure:3177: gcc --version </dev/null >&5
gcc (Ubuntu 4.8.4-2ubuntu1~14.04.3) 4.8.4
Copyright (C) 2013 Free Software Foundation, Inc.
This is free software; see the source for copying conditions.  There is NO
warranty; not even for MERCHANTABILITY or FITNESS FOR A PARTICULAR PURPOSE.

configure:3180: $? = 0
configure:3182: gcc -v </dev/null >&5
Using built-in specs.
COLLECT_GCC=gcc
COLLECT_LTO_WRAPPER=/usr/lib/gcc/x86_64-linux-gnu/4.8/lto-wrapper
Target: x86_64-linux-gnu
Configured with: ../src/configure -v --with-pkgversion='Ubuntu 4.8.4-2ubuntu1~14.04.3' --with-bugurl=file:///usr/share/doc/gcc-4.8/README.Bugs --enable-languages=c,c++,java,go,d,fortran,objc,obj-c++ --prefix=/usr --program-suffix=-4.8 --enable-shared --enable-linker-build-id --libexecdir=/usr/lib --without-included-gettext --enable-threads=posix --with-gxx-include-dir=/usr/include/c++/4.8 --libdir=/usr/lib --enable-nls --with-sysroot=/ --enable-clocale=gnu --enable-libstdcxx-debug --enable-libstdcxx-time=yes --enable-gnu-unique-object --disable-libmudflap --enable-plugin --with-system-zlib --disable-browser-plugin --enable-java-awt=gtk --enable-gtk-cairo --with-java-home=/usr/lib/jvm/java-1.5.0-gcj-4.8-amd64/jre --enable-java-home --with-jvm-root-dir=/usr/lib/jvm/java-1.5.0-gcj-4.8-amd64 --with-jvm-jar-dir=/usr/lib/jvm-exports/java-1.5.0-gcj-4.8-amd64 --with-arch-directory=amd64 --with-ecj-jar=/usr/share/java/eclipse-ecj.jar --enable-objc-gc --enable-multiarch --disable-werror --with-arch-32=i686 --with-abi=m64 --with-multilib-list=m32,m64,mx32 --with-tune=generic --enable-checking=release --build=x86_64-linux-gnu --host=x86_64-linux-gnu --target=x86_64-linux-gnu
Thread model: posix
gcc version 4.8.4 (Ubuntu 4.8.4-2ubuntu1~14.04.3) 
configure:3185: $? = 0
configure:3187: gcc -V </dev/null >&5
gcc: error: unrecognized command line option '-V'
gcc: fatal error: no input files
compilation terminated.
configure:3190: $? = 4
configure:3193: checking whether we are using the GNU C compiler
configure:3249: result: yes
configure:3255: checking whether gcc accepts -g
configure:3306: result: yes
configure:3323: checking for gcc option to accept ANSI C
configure:3430: result: none needed
configure:3448: gcc -c -g -O2  conftest.c >&5
conftest.c:2:3: error: unknown type name 'choke'
   choke me
   ^
conftest.c:2:3: error: expected '=', ',', ';', 'asm' or '__attribute__' at end of input
configure:3454: $? = 1
configure: failed program was:
| #ifndef __cplusplus
|   choke me
| #endif
configure:3639: checking for g++
configure:3655: found /usr/bin/g++
configure:3665: result: g++
configure:3681: checking for C++ compiler version
configure:3684: g++ --version </dev/null >&5
g++ (Ubuntu 4.8.4-2ubuntu1~14.04.3) 4.8.4
Copyright (C) 2013 Free Software Foundation, Inc.
This is free software; see the source for copying conditions.  There is NO
warranty; not even for MERCHANTABILITY or FITNESS FOR A PARTICULAR PURPOSE.

configure:3687: $? = 0
configure:3689: g++ -v </dev/null >&5
Using built-in specs.
COLLECT_GCC=g++
COLLECT_LTO_WRAPPER=/usr/lib/gcc/x86_64-linux-gnu/4.8/lto-wrapper
Target: x86_64-linux-gnu
Configured with: ../src/configure -v --with-pkgversion='Ubuntu 4.8.4-2ubuntu1~14.04.3' --with-bugurl=file:///usr/share/doc/gcc-4.8/README.Bugs --enable-languages=c,c++,java,go,d,fortran,objc,obj-c++ --prefix=/usr --program-suffix=-4.8 --enable-shared --enable-linker-build-id --libexecdir=/usr/lib --without-included-gettext --enable-threads=posix --with-gxx-include-dir=/usr/include/c++/4.8 --libdir=/usr/lib --enable-nls --with-sysroot=/ --enable-clocale=gnu --enable-libstdcxx-debug --enable-libstdcxx-time=yes --enable-gnu-unique-object --disable-libmudflap --enable-plugin --with-system-zlib --disable-browser-plugin --enable-java-awt=gtk --enable-gtk-cairo --with-java-home=/usr/lib/jvm/java-1.5.0-gcj-4.8-amd64/jre --enable-java-home --with-jvm-root-dir=/usr/lib/jvm/java-1.5.0-gcj-4.8-amd64 --with-jvm-jar-dir=/usr/lib/jvm-exports/java-1.5.0-gcj-4.8-amd64 --with-arch-directory=amd64 --with-ecj-jar=/usr/share/java/eclipse-ecj.jar --enable-objc-gc --enable-multiarch --disable-werror --with-arch-32=i686 --with-abi=m64 --with-multilib-list=m32,m64,mx32 --with-tune=generic --enable-checking=release --build=x86_64-linux-gnu --host=x86_64-linux-gnu --target=x86_64-linux-gnu
Thread model: posix
gcc version 4.8.4 (Ubuntu 4.8.4-2ubuntu1~14.04.3) 
configure:3692: $? = 0
configure:3694: g++ -V </dev/null >&5
g++: error: unrecognized command line option '-V'
g++: fatal error: no input files
compilation terminated.
configure:3697: $? = 4
configure:3700: checking whether we are using the GNU C++ compiler
configure:3724: g++ -c   conftest.cc >&5
configure:3730: $? = 0
configure:3734: test -z 
			 || test ! -s conftest.err
configure:3737: $? = 0
configure:3740: test -s conftest.o
configure:3743: $? = 0
configure:3756: result: yes
configure:3762: checking whether g++ accepts -g
configure:3783: g++ -c -g  conftest.cc >&5
configure:3789: $? = 0
configure:3793: test -z 
			 || test ! -s conftest.err
configure:3796: $? = 0
configure:3799: test -s conftest.o
configure:3802: $? = 0
configure:3813: result: yes
configure:3855: g++ -c -g -O2  conftest.cc >&5
configure:3861: $? = 0
configure:3865: test -z 
			 || test ! -s conftest.err
configure:3868: $? = 0
configure:3871: test -s conftest.o
configure:3874: $? = 0
configure:3900: g++ -c -g -O2  conftest.cc >&5
conftest.cc: In function 'int main()':
conftest.cc:14:9: error: 'exit' was not declared in this scope
 exit (42);
         ^
configure:3906: $? = 1
configure: failed program was:
| /* confdefs.h.  */
| 
| #define PACKAGE_NAME ""
| #define PACKAGE_TARNAME ""
| #define PACKAGE_VERSION ""
| #define PACKAGE_STRING ""
| #define PACKAGE_BUGREPORT ""
| #define STDC_HEADERS 1
| /* end confdefs.h.  */
| 
| int
| main ()
| {
| exit (42);
|   ;
|   return 0;
| }
configure:3855: g++ -c -g -O2  conftest.cc >&5
conftest.cc:10:40: error: 'void std::exit(int)' should have been declared inside 'std'
 extern "C" void std::exit (int) throw (); using std::exit;
                                        ^
configure:3861: $? = 1
configure: failed program was:
| /* confdefs.h.  */
| 
| #define PACKAGE_NAME ""
| #define PACKAGE_TARNAME ""
| #define PACKAGE_VERSION ""
| #define PACKAGE_STRING ""
| #define PACKAGE_BUGREPORT ""
| #define STDC_HEADERS 1
| /* end confdefs.h.  */
| extern "C" void std::exit (int) throw (); using std::exit;
| #include <stdlib.h>
| int
| main ()
| {
| exit (42);
|   ;
|   return 0;
| }
configure:3855: g++ -c -g -O2  conftest.cc >&5
conftest.cc:10:31: error: 'void std::exit(int)' should have been declared inside 'std'
 extern "C" void std::exit (int); using std::exit;
                               ^
In file included from conftest.cc:11:0:
/usr/include/stdlib.h:543:70: error: declaration of 'void std::exit(int) throw ()' has a different exception specifier
 extern void exit (int __status) __THROW __attribute__ ((__noreturn__));
                                                                      ^
conftest.cc:10:17: error: from previous declaration 'void std::exit(int)'
 extern "C" void std::exit (int); using std::exit;
                 ^
configure:3861: $? = 1
configure: failed program was:
| /* confdefs.h.  */
| 
| #define PACKAGE_NAME ""
| #define PACKAGE_TARNAME ""
| #define PACKAGE_VERSION ""
| #define PACKAGE_STRING ""
| #define PACKAGE_BUGREPORT ""
| #define STDC_HEADERS 1
| /* end confdefs.h.  */
| extern "C" void std::exit (int); using std::exit;
| #include <stdlib.h>
| int
| main ()
| {
| exit (42);
|   ;
|   return 0;
| }
configure:3855: g++ -c -g -O2  conftest.cc >&5
configure:3861: $? = 0
configure:3865: test -z 
			 || test ! -s conftest.err
configure:3868: $? = 0
configure:3871: test -s conftest.o
configure:3874: $? = 0
configure:3900: g++ -c -g -O2  conftest.cc >&5
configure:3906: $? = 0
configure:3910: test -z 
			 || test ! -s conftest.err
configure:3913: $? = 0
configure:3916: test -s conftest.o
configure:3919: $? = 0
configure:3942: checking for ANSI C header files
configure:4098: result: yes
configure:4122: checking for sys/types.h
configure:4138: gcc -c -g -O2  conftest.c >&5
configure:4144: $? = 0
configure:4148: test -z 
			 || test ! -s conftest.err
configure:4151: $? = 0
configure:4154: test -s conftest.o
configure:4157: $? = 0
configure:4168: result: yes
configure:4122: checking for sys/stat.h
configure:4138: gcc -c -g -O2  conftest.c >&5
configure:4144: $? = 0
configure:4148: test -z 
			 || test ! -s conftest.err
configure:4151: $? = 0
configure:4154: test -s conftest.o
configure:4157: $? = 0
configure:4168: result: yes
configure:4122: checking for stdlib.h
configure:4138: gcc -c -g -O2  conftest.c >&5
configure:4144: $? = 0
configure:4148: test -z 
			 || test ! -s conftest.err
configure:4151: $? = 0
configure:4154: test -s conftest.o
configure:4157: $? = 0
configure:4168: result: yes
configure:4122: checking for string.h
configure:4138: gcc -c -g -O2  conftest.c >&5
configure:4144: $? = 0
configure:4148: test -z 
			 || test ! -s conftest.err
configure:4151: $? = 0
configure:4154: test -s conftest.o
configure:4157: $? = 0
configure:4168: result: yes
configure:4122: checking for memory.h
configure:4138: gcc -c -g -O2  conftest.c >&5
configure:4144: $? = 0
configure:4148: test -z 
			 || test ! -s conftest.err
configure:4151: $? = 0
configure:4154: test -s conftest.o
configure:4157: $? = 0
configure:4168: result: yes
configure:4122: checking for strings.h
configure:4138: gcc -c -g -O2  conftest.c >&5
configure:4144: $? = 0
configure:4148: test -z 
			 || test ! -s conftest.err
configure:4151: $? = 0
configure:4154: test -s conftest.o
configure:4157: $? = 0
configure:4168: result: yes
configure:4122: checking for inttypes.h
configure:4138: gcc -c -g -O2  conftest.c >&5
configure:4144: $? = 0
configure:4148: test -z 
			 || test ! -s conftest.err
configure:4151: $? = 0
configure:4154: test -s conftest.o
configure:4157: $? = 0
configure:4168: result: yes
configure:4122: checking for stdint.h
configure:4138: gcc -c -g -O2  conftest.c >&5
configure:4144: $? = 0
configure:4148: test -z 
			 || test ! -s conftest.err
configure:4151: $? = 0
configure:4154: test -s conftest.o
configure:4157: $? = 0
configure:4168: result: yes
configure:4122: checking for unistd.h
configure:4138: gcc -c -g -O2  conftest.c >&5
configure:4144: $? = 0
configure:4148: test -z 
			 || test ! -s conftest.err
configure:4151: $? = 0
configure:4154: test -s conftest.o
configure:4157: $? = 0
configure:4168: result: yes
configure:4185: checking for string.h
configure:4190: result: yes
configure:4340: checking for main in -lXbsd
configure:4364: gcc -o conftest -g -O2   conftest.c -lXbsd   >&5
/usr/bin/ld: cannot find -lXbsd
collect2: error: ld returned 1 exit status
configure:4370: $? = 1
configure: failed program was:
| /* confdefs.h.  */
| 
| #define PACKAGE_NAME ""
| #define PACKAGE_TARNAME ""
| #define PACKAGE_VERSION ""
| #define PACKAGE_STRING ""
| #define PACKAGE_BUGREPORT ""
| #define STDC_HEADERS 1
| #ifdef __cplusplus
| extern "C" void exit (int) throw ();
| #endif
| #define STDC_HEADERS 1
| #define HAVE_SYS_TYPES_H 1
| #define HAVE_SYS_STAT_H 1
| #define HAVE_STDLIB_H 1
| #define HAVE_STRING_H 1
| #define HAVE_MEMORY_H 1
| #define HAVE_STRINGS_H 1
| #define HAVE_INTTYPES_H 1
| #define HAVE_STDINT_H 1
| #define HAVE_UNISTD_H 1
| #define HAVE_STRING_H 1
| /* end confdefs.h.  */
| 
| 
| int
| main ()
| {
| main ();
|   ;
|   return 0;
| }
configure:4396: result: no
configure:4402: checking for socket in -lsocket
configure:4432: gcc -o conftest -g -O2   conftest.c -lsocket   >&5
/usr/bin/ld: cannot find -lsocket
collect2: error: ld returned 1 exit status
configure:4438: $? = 1
configure: failed program was:
| /* confdefs.h.  */
| 
| #define PACKAGE_NAME ""
| #define PACKAGE_TARNAME ""
| #define PACKAGE_VERSION ""
| #define PACKAGE_STRING ""
| #define PACKAGE_BUGREPORT ""
| #define STDC_HEADERS 1
| #ifdef __cplusplus
| extern "C" void exit (int) throw ();
| #endif
| #define STDC_HEADERS 1
| #define HAVE_SYS_TYPES_H 1
| #define HAVE_SYS_STAT_H 1
| #define HAVE_STDLIB_H 1
| #define HAVE_STRING_H 1
| #define HAVE_MEMORY_H 1
| #define HAVE_STRINGS_H 1
| #define HAVE_INTTYPES_H 1
| #define HAVE_STDINT_H 1
| #define HAVE_UNISTD_H 1
| #define HAVE_STRING_H 1
| /* end confdefs.h.  */
| 
| /* Override any gcc2 internal prototype to avoid an error.  */
| #ifdef __cplusplus
| extern "C"
| #endif
| /* We use char because int might match the return type of a gcc2
|    builtin and then its argument prototype would still apply.  */
| char socket ();
| int
| main ()
| {
| socket ();
|   ;
|   return 0;
| }
configure:4464: result: no
configure:4470: checking for gethostbyname in -lnsl
configure:4500: gcc -o conftest -g -O2   conftest.c -lnsl   >&5
configure:4506: $? = 0
configure:4510: test -z 
			 || test ! -s conftest.err
configure:4513: $? = 0
configure:4516: test -s conftest
configure:4519: $? = 0
configure:4532: result: yes
configure:4538: checking for dcgettext in -lintl
configure:4568: gcc -o conftest -g -O2   conftest.c -lintl   >&5
conftest.c:31:6: warning: conflicting types for built-in function 'dcgettext' [enabled by default]
 char dcgettext ();
      ^
/usr/bin/ld: cannot find -lintl
collect2: error: ld returned 1 exit status
configure:4574: $? = 1
configure: failed program was:
| /* confdefs.h.  */
| 
| #define PACKAGE_NAME ""
| #define PACKAGE_TARNAME ""
| #define PACKAGE_VERSION ""
| #define PACKAGE_STRING ""
| #define PACKAGE_BUGREPORT ""
| #define STDC_HEADERS 1
| #ifdef __cplusplus
| extern "C" void exit (int) throw ();
| #endif
| #define STDC_HEADERS 1
| #define HAVE_SYS_TYPES_H 1
| #define HAVE_SYS_STAT_H 1
| #define HAVE_STDLIB_H 1
| #define HAVE_STRING_H 1
| #define HAVE_MEMORY_H 1
| #define HAVE_STRINGS_H 1
| #define HAVE_INTTYPES_H 1
| #define HAVE_STDINT_H 1
| #define HAVE_UNISTD_H 1
| #define HAVE_STRING_H 1
| /* end confdefs.h.  */
| 
| /* Override any gcc2 internal prototype to avoid an error.  */
| #ifdef __cplusplus
| extern "C"
| #endif
| /* We use char because int might match the return type of a gcc2
|    builtin and then its argument prototype would still apply.  */
| char dcgettext ();
| int
| main ()
| {
| dcgettext ();
|   ;
|   return 0;
| }
configure:4600: result: no
configure:4606: checking for getnodebyname in -ldnet_stub
configure:4636: gcc -o conftest -g -O2   conftest.c -ldnet_stub   >&5
/usr/bin/ld: cannot find -ldnet_stub
collect2: error: ld returned 1 exit status
configure:4642: $? = 1
configure: failed program was:
| /* confdefs.h.  */
| 
| #define PACKAGE_NAME ""
| #define PACKAGE_TARNAME ""
| #define PACKAGE_VERSION ""
| #define PACKAGE_STRING ""
| #define PACKAGE_BUGREPORT ""
| #define STDC_HEADERS 1
| #ifdef __cplusplus
| extern "C" void exit (int) throw ();
| #endif
| #define STDC_HEADERS 1
| #define HAVE_SYS_TYPES_H 1
| #define HAVE_SYS_STAT_H 1
| #define HAVE_STDLIB_H 1
| #define HAVE_STRING_H 1
| #define HAVE_MEMORY_H 1
| #define HAVE_STRINGS_H 1
| #define HAVE_INTTYPES_H 1
| #define HAVE_STDINT_H 1
| #define HAVE_UNISTD_H 1
| #define HAVE_STRING_H 1
| /* end confdefs.h.  */
| 
| /* Override any gcc2 internal prototype to avoid an error.  */
| #ifdef __cplusplus
| extern "C"
| #endif
| /* We use char because int might match the return type of a gcc2
|    builtin and then its argument prototype would still apply.  */
| char getnodebyname ();
| int
| main ()
| {
| getnodebyname ();
|   ;
|   return 0;
| }
configure:4668: result: no
configure:4714: checking that g++ can handle -O2
configure:4740: gcc -c -g -O2  conftest.c >&5
configure:4746: $? = 0
configure:4750: test -z 
			 || test ! -s conftest.err
configure:4753: $? = 0
configure:4756: test -s conftest.o
configure:4759: $? = 0
configure:4761: result: yes
configure:5029: checking for zlib.h
configure:5082: result: -I/usr/include
configure:5088: checking for libz1.1.4
configure:5133: result: no
configure:5243: gcc -E  conftest.c
configure:5249: $? = 0
configure:5289: checking for XOpenDisplay in -lX11
configure:5319: gcc -o conftest -g -O2   conftest.c -lX11   >&5
configure:5325: $? = 0
configure:5329: test -z 
			 || test ! -s conftest.err
configure:5332: $? = 0
configure:5335: test -s conftest
configure:5338: $? = 0
configure:5351: result: yes
configure:5377: checking for XShmAttach in -lXext
configure:5407: gcc -o conftest -g -O2   conftest.c -lXext -lX11  >&5
configure:5413: $? = 0
configure:5417: test -z 
			 || test ! -s conftest.err
configure:5420: $? = 0
configure:5423: test -s conftest
configure:5426: $? = 0
configure:5439: result: yes
configure:5659: checking for tcl.h
configure:5712: result: -I../include
configure:5718: checking for libtcl8.4
configure:5782: result: -L../lib -ltcl8.4
configure:5788: checking for init.tcl
configure:5827: result: ../lib/tcl8.4
configure:5844: checking for tclsh8.4.18
configure:5877: result: no
configure:5844: checking for tclsh8.4
configure:5862: found ../bin/tclsh8.4
configure:5874: result: ../bin/tclsh8.4
configure:6105: checking for tk.h
configure:6158: result: -I../include
configure:6164: checking for libtk8.4
configure:6228: result: -L../lib -ltk8.4
configure:6234: checking for tk.tcl
configure:6273: result: ../lib/tk8.4
configure:6366: checking for libtcldbg
configure:6411: result: no
configure:6543: checking for otcl.h
configure:6596: result: -I../otcl-1.13
configure:6602: checking for libotcl1.13
configure:6666: result: -L../otcl-1.13 -lotcl
configure:6793: checking for tclcl.h
configure:6846: result: -I../tclcl-1.19
configure:6852: checking for libtclcl
configure:6916: result: -L../tclcl-1.19 -ltclcl
configure:6922: checking for tcl2c++
configure:6961: result: ../tclcl-1.19
configure:7009: checking return type of random
configure:7034: gcc -o conftest -g -O2   conftest.c  >&5
configure:7037: $? = 0
configure:7039: ./conftest
configure:7042: $? = 0
configure:7044: result: long
configure:7068: checking for int8_t
configure:7092: gcc -c -g -O2  conftest.c >&5
configure:7098: $? = 0
configure:7102: test -z 
			 || test ! -s conftest.err
configure:7105: $? = 0
configure:7108: test -s conftest.o
configure:7111: $? = 0
configure:7122: result: yes
configure:7134: checking for int16_t
configure:7158: gcc -c -g -O2  conftest.c >&5
configure:7164: $? = 0
configure:7168: test -z 
			 || test ! -s conftest.err
configure:7171: $? = 0
configure:7174: test -s conftest.o
configure:7177: $? = 0
configure:7188: result: yes
configure:7200: checking for int32_t
configure:7224: gcc -c -g -O2  conftest.c >&5
configure:7230: $? = 0
configure:7234: test -z 
			 || test ! -s conftest.err
configure:7237: $? = 0
configure:7240: test -s conftest.o
configure:7243: $? = 0
configure:7254: result: yes
configure:7266: checking for u_int8_t
configure:7290: gcc -c -g -O2  conftest.c >&5
configure:7296: $? = 0
configure:7300: test -z 
			 || test ! -s conftest.err
configure:7303: $? = 0
configure:7306: test -s conftest.o
configure:7309: $? = 0
configure:7320: result: yes
configure:7332: checking for u_int16_t
configure:7356: gcc -c -g -O2  conftest.c >&5
configure:7362: $? = 0
configure:7366: test -z 
			 || test ! -s conftest.err
configure:7369: $? = 0
configure:7372: test -s conftest.o
configure:7375: $? = 0
configure:7386: result: yes
configure:7398: checking for u_int32_t
configure:7422: gcc -c -g -O2  conftest.c >&5
configure:7428: $? = 0
configure:7432: test -z 
			 || test ! -s conftest.err
configure:7435: $? = 0
configure:7438: test -s conftest.o
configure:7441: $? = 0
configure:7452: result: yes
configure:7471: checking for strtoq
configure:7528: gcc -o conftest -g -O2   conftest.c  >&5
configure:7534: $? = 0
configure:7538: test -z 
			 || test ! -s conftest.err
configure:7541: $? = 0
configure:7544: test -s conftest
configure:7547: $? = 0
configure:7559: result: yes
configure:7471: checking for strtoll
configure:7528: gcc -o conftest -g -O2   conftest.c  >&5
configure:7534: $? = 0
configure:7538: test -z 
			 || test ! -s conftest.err
configure:7541: $? = 0
configure:7544: test -s conftest
configure:7547: $? = 0
configure:7559: result: yes
configure:7574: checking for long
configure:7598: gcc -c -g -O2  conftest.c >&5
configure:7604: $? = 0
configure:7608: test -z 
			 || test ! -s conftest.err
configure:7611: $? = 0
configure:7614: test -s conftest.o
configure:7617: $? = 0
configure:7628: result: yes
configure:7631: checking size of long
configure:7950: gcc -o conftest -g -O2   conftest.c  >&5
configure:7953: $? = 0
configure:7955: ./conftest
configure:7958: $? = 0
configure:7981: result: 8
configure:7991: checking for strtol
configure:8048: gcc -o conftest -g -O2   conftest.c  >&5
configure:8054: $? = 0
configure:8058: test -z 
			 || test ! -s conftest.err
configure:8061: $? = 0
configure:8064: test -s conftest
configure:8067: $? = 0
configure:8079: result: yes
configure:8084: checking for __int64_t
configure:8104: gcc -o conftest -g -O2   conftest.c  >&5
conftest.c: In function 'main':
conftest.c:38:10: error: unknown type name '__int64_t'
 main() { __int64_t x; exit (sizeof(x) >= 8 ? 0 : 1); }
          ^
conftest.c:38:23: warning: incompatible implicit declaration of built-in function 'exit' [enabled by default]
 main() { __int64_t x; exit (sizeof(x) >= 8 ? 0 : 1); }
                       ^
configure:8107: $? = 1
configure: program exited with status 1
configure: failed program was:
| /* confdefs.h.  */
| 
| #define PACKAGE_NAME ""
| #define PACKAGE_TARNAME ""
| #define PACKAGE_VERSION ""
| #define PACKAGE_STRING ""
| #define PACKAGE_BUGREPORT ""
| #define STDC_HEADERS 1
| #ifdef __cplusplus
| extern "C" void exit (int) throw ();
| #endif
| #define STDC_HEADERS 1
| #define HAVE_SYS_TYPES_H 1
| #define HAVE_SYS_STAT_H 1
| #define HAVE_STDLIB_H 1
| #define HAVE_STRING_H 1
| #define HAVE_MEMORY_H 1
| #define HAVE_STRINGS_H 1
| #define HAVE_INTTYPES_H 1
| #define HAVE_STDINT_H 1
| #define HAVE_UNISTD_H 1
| #define HAVE_STRING_H 1
| #define HAVE_ZLIB_H 1
| #define HAVE_TCL_H 1
| #define HAVE_LIBTCL8_4 1
| #define HAVE_TK_H 1
| #define HAVE_LIBTK8_4 1
| #define HAVE_OTCL_H 1
| #define HAVE_LIBOTCL1_13 1
| #define HAVE_TCLCL_H 1
| #define HAVE_LIBTCLCL 1
| #define RANDOM_RETURN_TYPE long
| #define HAVE_STRTOQ 1
| #define HAVE_STRTOLL 1
| #define SIZEOF_LONG 8
| /* end confdefs.h.  */
| 
| main() { __int64_t x; exit (sizeof(x) >= 8 ? 0 : 1); }
| 
configure:8126: result: no
configure:8132: checking for long long
configure:8152: gcc -o conftest -g -O2   conftest.c  >&5
conftest.c: In function 'main':
conftest.c:38:23: warning: incompatible implicit declaration of built-in function 'exit' [enabled by default]
 main() { long long x; exit (sizeof(x) >= 8 ? 0 : 1); }
                       ^
configure:8155: $? = 0
configure:8157: ./conftest
configure:8160: $? = 0
configure:8174: result: yes
configure:8182: checking for int64_t
configure:8208: result: yes
configure:8218: checking which kind of 64-bit int to use
configure:8230: result: int64_t
configure:8252: checking for snprintf
configure:8309: gcc -o conftest -g -O2   conftest.c  >&5
conftest.c:62:6: warning: conflicting types for built-in function 'snprintf' [enabled by default]
 char snprintf ();
      ^
configure:8315: $? = 0
configure:8319: test -z 
			 || test ! -s conftest.err
configure:8322: $? = 0
configure:8325: test -s conftest
configure:8328: $? = 0
configure:8340: result: yes
configure:8393: checking for dlopen in -ldl
configure:8423: gcc -o conftest -g -O2   conftest.c -ldl   >&5
configure:8429: $? = 0
configure:8433: test -z 
			 || test ! -s conftest.err
configure:8436: $? = 0
configure:8439: test -s conftest
configure:8442: $? = 0
configure:8455: result: yes
configure:8647: checking for a BSD-compatible install
configure:8702: result: /usr/bin/install -c
configure:8811: creating ./config.status

## ---------------------- ##
## Running config.status. ##
## ---------------------- ##

This file was extended by config.status, which was
generated by GNU Autoconf 2.59.  Invocation command line was

  CONFIG_FILES    = 
  CONFIG_HEADERS  = 
  CONFIG_LINKS    = 
  CONFIG_COMMANDS = 
  $ ./config.status 

on hive-simulation

config.status:698: creating Makefile
config.status:802: creating autoconf.h
config.status:938: autoconf.h is unchanged

## ---------------- ##
## Cache variables. ##
## ---------------- ##

ac_cv_build=x86_64-unknown-linux-gnu
ac_cv_build_alias=x86_64-unknown-linux-gnu
ac_cv_c_compiler_gnu=yes
ac_cv_cxx_compiler_gnu=yes
ac_cv_env_CC_set=
ac_cv_env_CC_value=
ac_cv_env_CFLAGS_set=
ac_cv_env_CFLAGS_value=
ac_cv_env_CPPFLAGS_set=
ac_cv_env_CPPFLAGS_value=
ac_cv_env_CPP_set=
ac_cv_env_CPP_value=
ac_cv_env_CXXFLAGS_set=
ac_cv_env_CXXFLAGS_value=
ac_cv_env_CXX_set=
ac_cv_env_CXX_value=
ac_cv_env_LDFLAGS_set=
ac_cv_env_LDFLAGS_value=
ac_cv_env_build_alias_set=
ac_cv_env_build_alias_value=
ac_cv_env_host_alias_set=
ac_cv_env_host_alias_value=
ac_cv_env_target_alias_set=
ac_cv_env_target_alias_value=
ac_cv_exeext=
ac_cv_func_snprintf=yes
ac_cv_func_strtol=yes
ac_cv_func_strtoll=yes
ac_cv_func_strtoq=yes
ac_cv_header_inttypes_h=yes
ac_cv_header_memory_h=yes
ac_cv_header_stdc=yes
ac_cv_header_stdint_h=yes
ac_cv_header_stdlib_h=yes
ac_cv_header_string_h=yes
ac_cv_header_strings_h=yes
ac_cv_header_sys_stat_h=yes
ac_cv_header_sys_types_h=yes
ac_cv_header_unistd_h=yes
ac_cv_host=x86_64-unknown-linux-gnu
ac_cv_host_alias=x86_64-unknown-linux-gnu
ac_cv_lib_X11_XOpenDisplay=yes
ac_cv_lib_Xbsd_main=no
ac_cv_lib_Xext_XShmAttach=yes
ac_cv_lib_dl_dlopen=yes
ac_cv_lib_dnet_stub_getnodebyname=no
ac_cv_lib_intl_dcgettext=no
ac_cv_lib_nsl_gethostbyname=yes
ac_cv_lib_socket_socket=no
ac_cv_objext=o
ac_cv_path_V_TCLSH=../bin/tclsh8.4
ac_cv_path_install='/usr/bin/install -c'
ac_cv_prog_CPP='gcc -E'
ac_cv_prog_ac_ct_CC=gcc
ac_cv_prog_ac_ct_CXX=g++
ac_cv_prog_cc_g=yes
ac_cv_prog_cc_stdc=
ac_cv_prog_cxx_g=yes
ac_cv_prog_egrep='grep -E'
ac_cv_sizeof_long=8
ac_cv_target=x86_64-unknown-linux-gnu
ac_cv_target_alias=x86_64-unknown-linux-gnu
ac_cv_type_int16_t=yes
ac_cv_type_int32_t=yes
ac_cv_type_int64_t=yes
ac_cv_type_int8_t=yes
ac_cv_type_long=yes
ac_cv_type_u_int16_t=yes
ac_cv_type_u_int32_t=yes
ac_cv_type_u_int8_t=yes

## ----------------- ##
## Output variables. ##
## ----------------- ##

CC='gcc'
CFLAGS='-g -O2'
CPP='gcc -E'
CPPFLAGS=''
CXX='g++'
CXXFLAGS='-g -O2'
DEFS='-DHAVE_CONFIG_H'
ECHO_C=''
ECHO_N='-n'
ECHO_T=''
EGREP='grep -E'
EXEEXT=''
INSTALL_DATA='${INSTALL} -m 644'
INSTALL_PROGRAM='${INSTALL}'
INSTALL_SCRIPT='${INSTALL}'
LDFLAGS=''
LIBOBJS=''
LIBS=''
LTLIBOBJS=''
OBJEXT='o'
PACKAGE_BUGREPORT=''
PACKAGE_NAME=''
PACKAGE_STRING=''
PACKAGE_TARNAME=''
PACKAGE_VERSION=''
PATH_SEPARATOR=':'
SHELL='/bin/bash'
V_ALL='nam'
V_AR='ar cr'
V_BROKEN_OBJ=''
V_CCOPT='-O2 -Wall'
V_DEFINE=' -DNDEBUG -DUSE_SHM'
V_DEFINES='-DHAVE_LIBTCLCL -DHAVE_TCLCL_H -DHAVE_LIBOTCL1_13 -DHAVE_OTCL_H -DHAVE_LIBTK8_4 -DHAVE_TK_H -DHAVE_LIBTCL8_4 -DHAVE_TCL_H -DHAVE_ZLIB_H '
V_INCLUDE=''
V_INCLUDES='-I/home/hadoop/mrperf/ns-allinone-2.33/tclcl-1.19 -I/home/hadoop/mrperf/ns-allinone-2.33/otcl-1.13 -I/home/hadoop/mrperf/ns-allinone-2.33/include -I/home/hadoop/mrperf/ns-allinone-2.33/include -I/usr/include'
V_INCLUDE_X11=''
V_LIB=' -lnsl -ldl'
V_LIBRARY_TCL='../lib/tcl8.4'
V_LIBRARY_TK='../lib/tk8.4'
V_LIBS='-L/home/hadoop/mrperf/ns-allinone-2.33/tclcl-1.19 -ltclcl -L/home/hadoop/mrperf/ns-allinone-2.33/otcl-1.13 -lotcl -L/home/hadoop/mrperf/ns-allinone-2.33/lib -ltk8.4 -L/home/hadoop/mrperf/ns-allinone-2.33/lib -ltcl8.4'
V_LIB_OTCL='-L/home/hadoop/mrperf/ns-allinone-2.33/otcl-1.13 -lotcl'
V_LIB_TCL='-L/home/hadoop/mrperf/ns-allinone-2.33/lib -ltcl8.4'
V_LIB_TCLCL='-L/home/hadoop/mrperf/ns-allinone-2.33/tclcl-1.19 -ltclcl'
V_LIB_TK='-L/home/hadoop/mrperf/ns-allinone-2.33/lib -ltk8.4'
V_LIB_X11='-lXext -lX11'
V_LSSCRIPT=''
V_NS_TCL_LIB_STL=''
V_OBJ=''
V_OBJ_CRYPT=''
V_RANLIB='ranlib'
V_SHELL=''
V_SIGRET='void'
V_STATIC=''
V_STLOBJ=''
V_TARCMD='tar cfh'
V_TAR_EXTRA=''
V_TAR_TARGET='linux-gnu'
V_TCL2CPP='../tclcl-1.19/tcl2c++'
V_TCLSH='/home/hadoop/mrperf/ns-allinone-2.33/bin/tclsh8.4'
V_TCL_LIBRARY_FILES='$(TCL_84_LIBRARY_FILES)'
V_TKDOSNAMES='$(LIBRARY_TK)/optMenu.tcl $(LIBRARY_TK)/scrlbar.tcl'
ac_ct_CC='gcc'
ac_ct_CXX='g++'
bindir='${exec_prefix}/bin'
build='x86_64-unknown-linux-gnu'
build_alias=''
build_cpu='x86_64'
build_os='linux-gnu'
build_vendor='unknown'
datadir='${prefix}/share'
exec_prefix='${prefix}'
host='x86_64-unknown-linux-gnu'
host_alias=''
host_cpu='x86_64'
host_os='linux-gnu'
host_vendor='unknown'
includedir='${prefix}/include'
infodir='${prefix}/info'
libdir='${exec_prefix}/lib'
libexecdir='${exec_prefix}/libexec'
localstatedir='${prefix}/var'
mandir='${prefix}/man'
oldincludedir='/usr/include'
prefix='/usr/local'
program_transform_name='s,x,x,'
sbindir='${exec_prefix}/sbin'
sharedstatedir='${prefix}/com'
sysconfdir='${prefix}/etc'
target='x86_64-unknown-linux-gnu'
target_alias=''
target_cpu='x86_64'
target_os='linux-gnu'
target_vendor='unknown'

## ----------- ##
## confdefs.h. ##
## ----------- ##

#define HAVE_INT64 1
#define HAVE_INTTYPES_H 1
#define HAVE_LIBOTCL1_13 1
#define HAVE_LIBTCL8_4 1
#define HAVE_LIBTCLCL 1
#define HAVE_LIBTK8_4 1
#define HAVE_MEMORY_H 1
#define HAVE_OTCL_H 1
#define HAVE_SNPRINTF 1
#define HAVE_STDINT_H 1
#define HAVE_STDLIB_H 1
#define HAVE_STRINGS_H 1
#define HAVE_STRING_H 1
#define HAVE_STRING_H 1
#define HAVE_STRTOLL 1
#define HAVE_STRTOQ 1
#define HAVE_SYS_STAT_H 1
#define HAVE_SYS_TYPES_H 1
#define HAVE_TCLCL_H 1
#define HAVE_TCL_H 1
#define HAVE_TK_H 1
#define HAVE_UNISTD_H 1
#define HAVE_ZLIB_H 1
#define PACKAGE_BUGREPORT ""
#define PACKAGE_NAME ""
#define PACKAGE_STRING ""
#define PACKAGE_TARNAME ""
#define PACKAGE_VERSION ""
#define RANDOM_RETURN_TYPE long
#define SIZEOF_LONG 8
#define STDC_HEADERS 1
#define STDC_HEADERS 1
#endif
#ifdef __cplusplus
extern "C" void exit (int) throw ();

configure: exit 0
